<?xml version="1.0" encoding="UTF-8"?>
<coverage generated="1770376476997" clover="3.2.0">
  <project timestamp="1770376476997" name="All files">
    <metrics statements="15" coveredstatements="15" conditionals="16" coveredconditionals="16" methods="1" coveredmethods="1" elements="32" coveredelements="32" complexity="0" loc="15" ncloc="15" packages="1" files="1" classes="1"/>
    <file name="module.js" path="/Users/isma/Desktop/Ynov-Connect/Test unitaire/module.js">
      <metrics statements="15" coveredstatements="15" conditionals="16" coveredconditionals="16" methods="1" coveredmethods="1"/>
      <line num="27" count="16" type="cond" truecount="4" falsecount="0"/>
      <line num="28" count="3" type="stmt"/>
      <line num="32" count="13" type="cond" truecount="4" falsecount="0"/>
      <line num="33" count="4" type="stmt"/>
      <line num="37" count="9" type="cond" truecount="2" falsecount="0"/>
      <line num="38" count="2" type="stmt"/>
      <line num="42" count="7" type="cond" truecount="2" falsecount="0"/>
      <line num="43" count="3" type="stmt"/>
      <line num="47" count="4" type="cond" truecount="2" falsecount="0"/>
      <line num="48" count="1" type="stmt"/>
      <line num="52" count="3" type="cond" truecount="2" falsecount="0"/>
      <line num="53" count="1" type="stmt"/>
      <line num="57" count="2" type="stmt"/>
      <line num="58" count="2" type="stmt"/>
      <line num="59" count="2" type="stmt"/>
    </file>
  </project>
</coverage>
