<?xml version="1.0" encoding="UTF-8"?>
<coverage generated="1770400395156" clover="3.2.0">
  <project timestamp="1770400395156" name="All files">
    <metrics statements="83" coveredstatements="82" conditionals="73" coveredconditionals="71" methods="7" coveredmethods="7" elements="163" coveredelements="160" complexity="0" loc="83" ncloc="83" packages="1" files="2" classes="2"/>
    <file name="module.js" path="/Users/isma/Desktop/Ynov-Connect/Test unitaire/module.js">
      <metrics statements="15" coveredstatements="15" conditionals="16" coveredconditionals="16" methods="1" coveredmethods="1"/>
      <line num="27" count="16" type="cond" truecount="4" falsecount="0"/>
      <line num="28" count="3" type="stmt"/>
      <line num="32" count="13" type="cond" truecount="4" falsecount="0"/>
      <line num="33" count="4" type="stmt"/>
      <line num="37" count="9" type="cond" truecount="2" falsecount="0"/>
      <line num="38" count="2" type="stmt"/>
      <line num="42" count="7" type="cond" truecount="2" falsecount="0"/>
      <line num="43" count="3" type="stmt"/>
      <line num="47" count="4" type="cond" truecount="2" falsecount="0"/>
      <line num="48" count="1" type="stmt"/>
      <line num="52" count="3" type="cond" truecount="2" falsecount="0"/>
      <line num="53" count="1" type="stmt"/>
      <line num="57" count="2" type="stmt"/>
      <line num="58" count="2" type="stmt"/>
      <line num="59" count="2" type="stmt"/>
    </file>
    <file name="validator.js" path="/Users/isma/Desktop/Ynov-Connect/Test unitaire/validator.js">
      <metrics statements="68" coveredstatements="67" conditionals="57" coveredconditionals="55" methods="6" coveredmethods="6"/>
      <line num="30" count="17" type="cond" truecount="4" falsecount="0"/>
      <line num="31" count="3" type="stmt"/>
      <line num="34" count="14" type="cond" truecount="2" falsecount="0"/>
      <line num="35" count="3" type="stmt"/>
      <line num="38" count="11" type="cond" truecount="2" falsecount="0"/>
      <line num="39" count="1" type="stmt"/>
      <line num="42" count="10" type="stmt"/>
      <line num="44" count="10" type="cond" truecount="2" falsecount="0"/>
      <line num="45" count="1" type="stmt"/>
      <line num="49" count="9" type="stmt"/>
      <line num="52" count="9" type="cond" truecount="2" falsecount="0"/>
      <line num="53" count="4" type="stmt"/>
      <line num="55" count="5" type="stmt"/>
      <line num="69" count="9" type="stmt"/>
      <line num="70" count="9" type="stmt"/>
      <line num="71" count="9" type="stmt"/>
      <line num="74" count="9" type="cond" truecount="5" falsecount="0"/>
      <line num="75" count="5" type="stmt"/>
      <line num="78" count="9" type="stmt"/>
      <line num="101" count="17" type="cond" truecount="4" falsecount="0"/>
      <line num="102" count="3" type="stmt"/>
      <line num="105" count="14" type="cond" truecount="2" falsecount="0"/>
      <line num="106" count="3" type="stmt"/>
      <line num="110" count="11" type="stmt"/>
      <line num="112" count="11" type="cond" truecount="2" falsecount="0"/>
      <line num="113" count="5" type="stmt"/>
      <line num="115" count="6" type="stmt"/>
      <line num="140" count="23" type="cond" truecount="4" falsecount="0"/>
      <line num="141" count="3" type="stmt"/>
      <line num="144" count="20" type="cond" truecount="2" falsecount="0"/>
      <line num="145" count="3" type="stmt"/>
      <line num="149" count="17" type="cond" truecount="2" falsecount="0"/>
      <line num="150" count="2" type="stmt"/>
      <line num="154" count="15" type="stmt"/>
      <line num="165" count="15" type="stmt"/>
      <line num="166" count="92" type="cond" truecount="2" falsecount="0"/>
      <line num="167" count="4" type="stmt"/>
      <line num="173" count="11" type="stmt"/>
      <line num="175" count="11" type="cond" truecount="2" falsecount="0"/>
      <line num="176" count="7" type="stmt"/>
      <line num="178" count="4" type="stmt"/>
      <line num="203" count="22" type="cond" truecount="4" falsecount="0"/>
      <line num="204" count="3" type="stmt"/>
      <line num="207" count="19" type="cond" truecount="2" falsecount="0"/>
      <line num="208" count="3" type="stmt"/>
      <line num="212" count="16" type="cond" truecount="2" falsecount="0"/>
      <line num="213" count="1" type="stmt"/>
      <line num="216" count="15" type="stmt"/>
      <line num="217" count="15" type="stmt"/>
      <line num="220" count="15" type="stmt"/>
      <line num="223" count="15" type="stmt"/>
      <line num="226" count="15" type="stmt"/>
      <line num="229" count="15" type="stmt"/>
      <line num="230" count="15" type="stmt"/>
      <line num="233" count="15" type="stmt"/>
      <line num="236" count="15" type="stmt"/>
      <line num="240" count="15" type="cond" truecount="2" falsecount="2"/>
      <line num="241" count="0" type="stmt"/>
      <line num="244" count="15" type="stmt"/>
      <line num="246" count="15" type="stmt"/>
      <line num="269" count="21" type="cond" truecount="4" falsecount="0"/>
      <line num="270" count="3" type="stmt"/>
      <line num="273" count="18" type="cond" truecount="2" falsecount="0"/>
      <line num="274" count="3" type="stmt"/>
      <line num="282" count="15" type="stmt"/>
      <line num="284" count="15" type="cond" truecount="2" falsecount="0"/>
      <line num="285" count="7" type="stmt"/>
      <line num="287" count="8" type="stmt"/>
    </file>
  </project>
</coverage>
