{"/Users/isma/Desktop/Ynov-Connect/Test unitaire/module.js": {"path":"/Users/isma/Desktop/Ynov-Connect/Test unitaire/module.js","statementMap":{"0":{"start":{"line":27,"column":2},"end":{"line":29,"column":3}},"1":{"start":{"line":28,"column":4},"end":{"line":28,"column":46}},"2":{"start":{"line":32,"column":2},"end":{"line":34,"column":3}},"3":{"start":{"line":33,"column":4},"end":{"line":33,"column":54}},"4":{"start":{"line":37,"column":2},"end":{"line":39,"column":3}},"5":{"start":{"line":38,"column":4},"end":{"line":38,"column":60}},"6":{"start":{"line":42,"column":2},"end":{"line":44,"column":3}},"7":{"start":{"line":43,"column":4},"end":{"line":43,"column":71}},"8":{"start":{"line":47,"column":2},"end":{"line":49,"column":3}},"9":{"start":{"line":48,"column":4},"end":{"line":48,"column":66}},"10":{"start":{"line":52,"column":2},"end":{"line":54,"column":3}},"11":{"start":{"line":53,"column":4},"end":{"line":53,"column":75}},"12":{"start":{"line":57,"column":17},"end":{"line":57,"column":57}},"13":{"start":{"line":58,"column":12},"end":{"line":58,"column":54}},"14":{"start":{"line":59,"column":2},"end":{"line":59,"column":13}}},"fnMap":{"0":{"name":"calculateAge","decl":{"start":{"line":25,"column":16},"end":{"line":25,"column":28}},"loc":{"start":{"line":25,"column":32},"end":{"line":60,"column":1}},"line":25}},"branchMap":{"0":{"loc":{"start":{"line":27,"column":2},"end":{"line":29,"column":3}},"type":"if","locations":[{"start":{"line":27,"column":2},"end":{"line":29,"column":3}},{"start":{},"end":{}}],"line":27},"1":{"loc":{"start":{"line":27,"column":6},"end":{"line":27,"column":35}},"type":"binary-expr","locations":[{"start":{"line":27,"column":6},"end":{"line":27,"column":21}},{"start":{"line":27,"column":25},"end":{"line":27,"column":35}}],"line":27},"2":{"loc":{"start":{"line":32,"column":2},"end":{"line":34,"column":3}},"type":"if","locations":[{"start":{"line":32,"column":2},"end":{"line":34,"column":3}},{"start":{},"end":{}}],"line":32},"3":{"loc":{"start":{"line":32,"column":6},"end":{"line":32,"column":47}},"type":"binary-expr","locations":[{"start":{"line":32,"column":6},"end":{"line":32,"column":27}},{"start":{"line":32,"column":31},"end":{"line":32,"column":47}}],"line":32},"4":{"loc":{"start":{"line":37,"column":2},"end":{"line":39,"column":3}},"type":"if","locations":[{"start":{"line":37,"column":2},"end":{"line":39,"column":3}},{"start":{},"end":{}}],"line":37},"5":{"loc":{"start":{"line":42,"column":2},"end":{"line":44,"column":3}},"type":"if","locations":[{"start":{"line":42,"column":2},"end":{"line":44,"column":3}},{"start":{},"end":{}}],"line":42},"6":{"loc":{"start":{"line":47,"column":2},"end":{"line":49,"column":3}},"type":"if","locations":[{"start":{"line":47,"column":2},"end":{"line":49,"column":3}},{"start":{},"end":{}}],"line":47},"7":{"loc":{"start":{"line":52,"column":2},"end":{"line":54,"column":3}},"type":"if","locations":[{"start":{"line":52,"column":2},"end":{"line":54,"column":3}},{"start":{},"end":{}}],"line":52}},"s":{"0":16,"1":3,"2":13,"3":4,"4":9,"5":2,"6":7,"7":3,"8":4,"9":1,"10":3,"11":1,"12":2,"13":2,"14":2},"f":{"0":16},"b":{"0":[3,13],"1":[16,14],"2":[4,9],"3":[13,10],"4":[2,7],"5":[3,4],"6":[1,3],"7":[1,2]},"_coverageSchema":"1a1c01bbd47fc00a2c39e90264f33305004495a9","hash":"85cb6cb8d63917ce8f3d171b86c974363d3b0e9d"}
,"/Users/isma/Desktop/Ynov-Connect/Test unitaire/validator.js": {"path":"/Users/isma/Desktop/Ynov-Connect/Test unitaire/validator.js","statementMap":{"0":{"start":{"line":30,"column":2},"end":{"line":32,"column":3}},"1":{"start":{"line":31,"column":4},"end":{"line":31,"column":40}},"2":{"start":{"line":34,"column":2},"end":{"line":36,"column":3}},"3":{"start":{"line":35,"column":4},"end":{"line":35,"column":41}},"4":{"start":{"line":38,"column":2},"end":{"line":40,"column":3}},"5":{"start":{"line":39,"column":4},"end":{"line":39,"column":36}},"6":{"start":{"line":42,"column":16},"end":{"line":42,"column":26}},"7":{"start":{"line":44,"column":2},"end":{"line":46,"column":3}},"8":{"start":{"line":45,"column":4},"end":{"line":45,"column":38}},"9":{"start":{"line":49,"column":14},"end":{"line":49,"column":44}},"10":{"start":{"line":52,"column":2},"end":{"line":56,"column":3}},"11":{"start":{"line":53,"column":4},"end":{"line":53,"column":32}},"12":{"start":{"line":55,"column":4},"end":{"line":55,"column":56}},"13":{"start":{"line":69,"column":12},"end":{"line":69,"column":63}},"14":{"start":{"line":70,"column":20},"end":{"line":70,"column":65}},"15":{"start":{"line":71,"column":18},"end":{"line":71,"column":61}},"16":{"start":{"line":74,"column":2},"end":{"line":76,"column":3}},"17":{"start":{"line":75,"column":4},"end":{"line":75,"column":10}},"18":{"start":{"line":78,"column":2},"end":{"line":78,"column":13}},"19":{"start":{"line":101,"column":2},"end":{"line":103,"column":3}},"20":{"start":{"line":102,"column":4},"end":{"line":102,"column":40}},"21":{"start":{"line":105,"column":2},"end":{"line":107,"column":3}},"22":{"start":{"line":106,"column":4},"end":{"line":106,"column":36}},"23":{"start":{"line":110,"column":26},"end":{"line":110,"column":38}},"24":{"start":{"line":112,"column":2},"end":{"line":116,"column":3}},"25":{"start":{"line":113,"column":4},"end":{"line":113,"column":39}},"26":{"start":{"line":115,"column":4},"end":{"line":115,"column":53}},"27":{"start":{"line":140,"column":2},"end":{"line":142,"column":3}},"28":{"start":{"line":141,"column":4},"end":{"line":141,"column":40}},"29":{"start":{"line":144,"column":2},"end":{"line":146,"column":3}},"30":{"start":{"line":145,"column":4},"end":{"line":145,"column":36}},"31":{"start":{"line":149,"column":2},"end":{"line":151,"column":3}},"32":{"start":{"line":150,"column":4},"end":{"line":150,"column":49}},"33":{"start":{"line":154,"column":22},"end":{"line":163,"column":3}},"34":{"start":{"line":165,"column":2},"end":{"line":169,"column":3}},"35":{"start":{"line":166,"column":4},"end":{"line":168,"column":5}},"36":{"start":{"line":167,"column":6},"end":{"line":167,"column":53}},"37":{"start":{"line":173,"column":25},"end":{"line":173,"column":82}},"38":{"start":{"line":175,"column":2},"end":{"line":179,"column":3}},"39":{"start":{"line":176,"column":4},"end":{"line":176,"column":33}},"40":{"start":{"line":178,"column":4},"end":{"line":178,"column":57}},"41":{"start":{"line":203,"column":2},"end":{"line":205,"column":3}},"42":{"start":{"line":204,"column":4},"end":{"line":204,"column":40}},"43":{"start":{"line":207,"column":2},"end":{"line":209,"column":3}},"44":{"start":{"line":208,"column":4},"end":{"line":208,"column":36}},"45":{"start":{"line":212,"column":2},"end":{"line":214,"column":3}},"46":{"start":{"line":213,"column":4},"end":{"line":213,"column":49}},"47":{"start":{"line":216,"column":18},"end":{"line":216,"column":23}},"48":{"start":{"line":217,"column":19},"end":{"line":217,"column":24}},"49":{"start":{"line":220,"column":2},"end":{"line":220,"column":91}},"50":{"start":{"line":223,"column":2},"end":{"line":223,"column":88}},"51":{"start":{"line":226,"column":2},"end":{"line":226,"column":48}},"52":{"start":{"line":229,"column":2},"end":{"line":229,"column":53}},"53":{"start":{"line":230,"column":2},"end":{"line":230,"column":51}},"54":{"start":{"line":233,"column":2},"end":{"line":233,"column":53}},"55":{"start":{"line":236,"column":2},"end":{"line":236,"column":52}},"56":{"start":{"line":240,"column":2},"end":{"line":242,"column":3}},"57":{"start":{"line":241,"column":4},"end":{"line":241,"column":19}},"58":{"start":{"line":244,"column":22},"end":{"line":244,"column":44}},"59":{"start":{"line":246,"column":2},"end":{"line":246,"column":36}},"60":{"start":{"line":269,"column":2},"end":{"line":271,"column":3}},"61":{"start":{"line":270,"column":4},"end":{"line":270,"column":40}},"62":{"start":{"line":273,"column":2},"end":{"line":275,"column":3}},"63":{"start":{"line":274,"column":4},"end":{"line":274,"column":36}},"64":{"start":{"line":282,"column":21},"end":{"line":282,"column":71}},"65":{"start":{"line":284,"column":2},"end":{"line":288,"column":3}},"66":{"start":{"line":285,"column":4},"end":{"line":285,"column":34}},"67":{"start":{"line":287,"column":4},"end":{"line":287,"column":53}}},"fnMap":{"0":{"name":"isAdult","decl":{"start":{"line":28,"column":16},"end":{"line":28,"column":23}},"loc":{"start":{"line":28,"column":35},"end":{"line":57,"column":1}},"line":28},"1":{"name":"calculateAge","decl":{"start":{"line":68,"column":9},"end":{"line":68,"column":21}},"loc":{"start":{"line":68,"column":46},"end":{"line":79,"column":1}},"line":68},"2":{"name":"isValidPostalCode","decl":{"start":{"line":99,"column":16},"end":{"line":99,"column":33}},"loc":{"start":{"line":99,"column":46},"end":{"line":117,"column":1}},"line":99},"3":{"name":"isValidName","decl":{"start":{"line":138,"column":16},"end":{"line":138,"column":27}},"loc":{"start":{"line":138,"column":34},"end":{"line":180,"column":1}},"line":138},"4":{"name":"sanitizeInput","decl":{"start":{"line":201,"column":16},"end":{"line":201,"column":29}},"loc":{"start":{"line":201,"column":37},"end":{"line":247,"column":1}},"line":201},"5":{"name":"isValidEmail","decl":{"start":{"line":267,"column":16},"end":{"line":267,"column":28}},"loc":{"start":{"line":267,"column":36},"end":{"line":289,"column":1}},"line":267}},"branchMap":{"0":{"loc":{"start":{"line":30,"column":2},"end":{"line":32,"column":3}},"type":"if","locations":[{"start":{"line":30,"column":2},"end":{"line":32,"column":3}},{"start":{},"end":{}}],"line":30},"1":{"loc":{"start":{"line":30,"column":6},"end":{"line":30,"column":51}},"type":"binary-expr","locations":[{"start":{"line":30,"column":6},"end":{"line":30,"column":29}},{"start":{"line":30,"column":33},"end":{"line":30,"column":51}}],"line":30},"2":{"loc":{"start":{"line":34,"column":2},"end":{"line":36,"column":3}},"type":"if","locations":[{"start":{"line":34,"column":2},"end":{"line":36,"column":3}},{"start":{},"end":{}}],"line":34},"3":{"loc":{"start":{"line":38,"column":2},"end":{"line":40,"column":3}},"type":"if","locations":[{"start":{"line":38,"column":2},"end":{"line":40,"column":3}},{"start":{},"end":{}}],"line":38},"4":{"loc":{"start":{"line":44,"column":2},"end":{"line":46,"column":3}},"type":"if","locations":[{"start":{"line":44,"column":2},"end":{"line":46,"column":3}},{"start":{},"end":{}}],"line":44},"5":{"loc":{"start":{"line":52,"column":2},"end":{"line":56,"column":3}},"type":"if","locations":[{"start":{"line":52,"column":2},"end":{"line":56,"column":3}},{"start":{"line":54,"column":9},"end":{"line":56,"column":3}}],"line":52},"6":{"loc":{"start":{"line":74,"column":2},"end":{"line":76,"column":3}},"type":"if","locations":[{"start":{"line":74,"column":2},"end":{"line":76,"column":3}},{"start":{},"end":{}}],"line":74},"7":{"loc":{"start":{"line":74,"column":6},"end":{"line":74,"column":55}},"type":"binary-expr","locations":[{"start":{"line":74,"column":6},"end":{"line":74,"column":19}},{"start":{"line":74,"column":24},"end":{"line":74,"column":39}},{"start":{"line":74,"column":43},"end":{"line":74,"column":54}}],"line":74},"8":{"loc":{"start":{"line":101,"column":2},"end":{"line":103,"column":3}},"type":"if","locations":[{"start":{"line":101,"column":2},"end":{"line":103,"column":3}},{"start":{},"end":{}}],"line":101},"9":{"loc":{"start":{"line":101,"column":6},"end":{"line":101,"column":53}},"type":"binary-expr","locations":[{"start":{"line":101,"column":6},"end":{"line":101,"column":30}},{"start":{"line":101,"column":34},"end":{"line":101,"column":53}}],"line":101},"10":{"loc":{"start":{"line":105,"column":2},"end":{"line":107,"column":3}},"type":"if","locations":[{"start":{"line":105,"column":2},"end":{"line":107,"column":3}},{"start":{},"end":{}}],"line":105},"11":{"loc":{"start":{"line":112,"column":2},"end":{"line":116,"column":3}},"type":"if","locations":[{"start":{"line":112,"column":2},"end":{"line":116,"column":3}},{"start":{"line":114,"column":9},"end":{"line":116,"column":3}}],"line":112},"12":{"loc":{"start":{"line":140,"column":2},"end":{"line":142,"column":3}},"type":"if","locations":[{"start":{"line":140,"column":2},"end":{"line":142,"column":3}},{"start":{},"end":{}}],"line":140},"13":{"loc":{"start":{"line":140,"column":6},"end":{"line":140,"column":41}},"type":"binary-expr","locations":[{"start":{"line":140,"column":6},"end":{"line":140,"column":24}},{"start":{"line":140,"column":28},"end":{"line":140,"column":41}}],"line":140},"14":{"loc":{"start":{"line":144,"column":2},"end":{"line":146,"column":3}},"type":"if","locations":[{"start":{"line":144,"column":2},"end":{"line":146,"column":3}},{"start":{},"end":{}}],"line":144},"15":{"loc":{"start":{"line":149,"column":2},"end":{"line":151,"column":3}},"type":"if","locations":[{"start":{"line":149,"column":2},"end":{"line":151,"column":3}},{"start":{},"end":{}}],"line":149},"16":{"loc":{"start":{"line":166,"column":4},"end":{"line":168,"column":5}},"type":"if","locations":[{"start":{"line":166,"column":4},"end":{"line":168,"column":5}},{"start":{},"end":{}}],"line":166},"17":{"loc":{"start":{"line":175,"column":2},"end":{"line":179,"column":3}},"type":"if","locations":[{"start":{"line":175,"column":2},"end":{"line":179,"column":3}},{"start":{"line":177,"column":9},"end":{"line":179,"column":3}}],"line":175},"18":{"loc":{"start":{"line":203,"column":2},"end":{"line":205,"column":3}},"type":"if","locations":[{"start":{"line":203,"column":2},"end":{"line":205,"column":3}},{"start":{},"end":{}}],"line":203},"19":{"loc":{"start":{"line":203,"column":6},"end":{"line":203,"column":43}},"type":"binary-expr","locations":[{"start":{"line":203,"column":6},"end":{"line":203,"column":25}},{"start":{"line":203,"column":29},"end":{"line":203,"column":43}}],"line":203},"20":{"loc":{"start":{"line":207,"column":2},"end":{"line":209,"column":3}},"type":"if","locations":[{"start":{"line":207,"column":2},"end":{"line":209,"column":3}},{"start":{},"end":{}}],"line":207},"21":{"loc":{"start":{"line":212,"column":2},"end":{"line":214,"column":3}},"type":"if","locations":[{"start":{"line":212,"column":2},"end":{"line":214,"column":3}},{"start":{},"end":{}}],"line":212},"22":{"loc":{"start":{"line":240,"column":2},"end":{"line":242,"column":3}},"type":"if","locations":[{"start":{"line":240,"column":2},"end":{"line":242,"column":3}},{"start":{},"end":{}}],"line":240},"23":{"loc":{"start":{"line":240,"column":6},"end":{"line":240,"column":48}},"type":"binary-expr","locations":[{"start":{"line":240,"column":6},"end":{"line":240,"column":28}},{"start":{"line":240,"column":32},"end":{"line":240,"column":48}}],"line":240},"24":{"loc":{"start":{"line":269,"column":2},"end":{"line":271,"column":3}},"type":"if","locations":[{"start":{"line":269,"column":2},"end":{"line":271,"column":3}},{"start":{},"end":{}}],"line":269},"25":{"loc":{"start":{"line":269,"column":6},"end":{"line":269,"column":43}},"type":"binary-expr","locations":[{"start":{"line":269,"column":6},"end":{"line":269,"column":25}},{"start":{"line":269,"column":29},"end":{"line":269,"column":43}}],"line":269},"26":{"loc":{"start":{"line":273,"column":2},"end":{"line":275,"column":3}},"type":"if","locations":[{"start":{"line":273,"column":2},"end":{"line":275,"column":3}},{"start":{},"end":{}}],"line":273},"27":{"loc":{"start":{"line":284,"column":2},"end":{"line":288,"column":3}},"type":"if","locations":[{"start":{"line":284,"column":2},"end":{"line":288,"column":3}},{"start":{"line":286,"column":9},"end":{"line":288,"column":3}}],"line":284}},"s":{"0":17,"1":3,"2":14,"3":3,"4":11,"5":1,"6":10,"7":10,"8":1,"9":9,"10":9,"11":4,"12":5,"13":9,"14":9,"15":9,"16":9,"17":5,"18":9,"19":17,"20":3,"21":14,"22":3,"23":11,"24":11,"25":5,"26":6,"27":23,"28":3,"29":20,"30":3,"31":17,"32":2,"33":15,"34":15,"35":92,"36":4,"37":11,"38":11,"39":7,"40":4,"41":22,"42":3,"43":19,"44":3,"45":16,"46":1,"47":15,"48":15,"49":15,"50":15,"51":15,"52":15,"53":15,"54":15,"55":15,"56":15,"57":0,"58":15,"59":15,"60":21,"61":3,"62":18,"63":3,"64":15,"65":15,"66":7,"67":8},"f":{"0":17,"1":9,"2":17,"3":23,"4":22,"5":21},"b":{"0":[3,14],"1":[17,15],"2":[3,11],"3":[1,10],"4":[1,9],"5":[4,5],"6":[5,4],"7":[9,7,6],"8":[3,14],"9":[17,15],"10":[3,11],"11":[5,6],"12":[3,20],"13":[23,21],"14":[3,17],"15":[2,15],"16":[4,88],"17":[7,4],"18":[3,19],"19":[22,20],"20":[3,16],"21":[1,15],"22":[0,15],"23":[15,0],"24":[3,18],"25":[21,19],"26":[3,15],"27":[7,8]},"_coverageSchema":"1a1c01bbd47fc00a2c39e90264f33305004495a9","hash":"4fc3e255db9371746392078b91cfb3cc39e12d20"}
}
