{"/Users/isma/Desktop/Ynov-Connect/Test unitaire/module.js": {"path":"/Users/isma/Desktop/Ynov-Connect/Test unitaire/module.js","statementMap":{"0":{"start":{"line":27,"column":2},"end":{"line":29,"column":3}},"1":{"start":{"line":28,"column":4},"end":{"line":28,"column":46}},"2":{"start":{"line":32,"column":2},"end":{"line":34,"column":3}},"3":{"start":{"line":33,"column":4},"end":{"line":33,"column":54}},"4":{"start":{"line":37,"column":2},"end":{"line":39,"column":3}},"5":{"start":{"line":38,"column":4},"end":{"line":38,"column":60}},"6":{"start":{"line":42,"column":2},"end":{"line":44,"column":3}},"7":{"start":{"line":43,"column":4},"end":{"line":43,"column":71}},"8":{"start":{"line":47,"column":2},"end":{"line":49,"column":3}},"9":{"start":{"line":48,"column":4},"end":{"line":48,"column":66}},"10":{"start":{"line":52,"column":2},"end":{"line":54,"column":3}},"11":{"start":{"line":53,"column":4},"end":{"line":53,"column":75}},"12":{"start":{"line":57,"column":17},"end":{"line":57,"column":57}},"13":{"start":{"line":58,"column":12},"end":{"line":58,"column":54}},"14":{"start":{"line":59,"column":2},"end":{"line":59,"column":13}}},"fnMap":{"0":{"name":"calculateAge","decl":{"start":{"line":25,"column":16},"end":{"line":25,"column":28}},"loc":{"start":{"line":25,"column":32},"end":{"line":60,"column":1}},"line":25}},"branchMap":{"0":{"loc":{"start":{"line":27,"column":2},"end":{"line":29,"column":3}},"type":"if","locations":[{"start":{"line":27,"column":2},"end":{"line":29,"column":3}},{"start":{},"end":{}}],"line":27},"1":{"loc":{"start":{"line":27,"column":6},"end":{"line":27,"column":35}},"type":"binary-expr","locations":[{"start":{"line":27,"column":6},"end":{"line":27,"column":21}},{"start":{"line":27,"column":25},"end":{"line":27,"column":35}}],"line":27},"2":{"loc":{"start":{"line":32,"column":2},"end":{"line":34,"column":3}},"type":"if","locations":[{"start":{"line":32,"column":2},"end":{"line":34,"column":3}},{"start":{},"end":{}}],"line":32},"3":{"loc":{"start":{"line":32,"column":6},"end":{"line":32,"column":47}},"type":"binary-expr","locations":[{"start":{"line":32,"column":6},"end":{"line":32,"column":27}},{"start":{"line":32,"column":31},"end":{"line":32,"column":47}}],"line":32},"4":{"loc":{"start":{"line":37,"column":2},"end":{"line":39,"column":3}},"type":"if","locations":[{"start":{"line":37,"column":2},"end":{"line":39,"column":3}},{"start":{},"end":{}}],"line":37},"5":{"loc":{"start":{"line":42,"column":2},"end":{"line":44,"column":3}},"type":"if","locations":[{"start":{"line":42,"column":2},"end":{"line":44,"column":3}},{"start":{},"end":{}}],"line":42},"6":{"loc":{"start":{"line":47,"column":2},"end":{"line":49,"column":3}},"type":"if","locations":[{"start":{"line":47,"column":2},"end":{"line":49,"column":3}},{"start":{},"end":{}}],"line":47},"7":{"loc":{"start":{"line":52,"column":2},"end":{"line":54,"column":3}},"type":"if","locations":[{"start":{"line":52,"column":2},"end":{"line":54,"column":3}},{"start":{},"end":{}}],"line":52}},"s":{"0":16,"1":3,"2":13,"3":4,"4":9,"5":2,"6":7,"7":3,"8":4,"9":1,"10":3,"11":1,"12":2,"13":2,"14":2},"f":{"0":16},"b":{"0":[3,13],"1":[16,14],"2":[4,9],"3":[13,10],"4":[2,7],"5":[3,4],"6":[1,3],"7":[1,2]},"_coverageSchema":"1a1c01bbd47fc00a2c39e90264f33305004495a9","hash":"85cb6cb8d63917ce8f3d171b86c974363d3b0e9d"}
}
