TN:
SF:module.js
FN:25,calculateAge
FNF:1
FNH:1
FNDA:16,calculateAge
DA:27,16
DA:28,3
DA:32,13
DA:33,4
DA:37,9
DA:38,2
DA:42,7
DA:43,3
DA:47,4
DA:48,1
DA:52,3
DA:53,1
DA:57,2
DA:58,2
DA:59,2
LF:15
LH:15
BRDA:27,0,0,3
BRDA:27,0,1,13
BRDA:27,1,0,16
BRDA:27,1,1,14
BRDA:32,2,0,4
BRDA:32,2,1,9
BRDA:32,3,0,13
BRDA:32,3,1,10
BRDA:37,4,0,2
BRDA:37,4,1,7
BRDA:42,5,0,3
BRDA:42,5,1,4
BRDA:47,6,0,1
BRDA:47,6,1,3
BRDA:52,7,0,1
BRDA:52,7,1,2
BRF:16
BRH:16
end_of_record
TN:
SF:validator.js
FN:28,isAdult
FN:68,calculateAge
FN:99,isValidPostalCode
FN:138,isValidName
FN:201,sanitizeInput
FN:267,isValidEmail
FNF:6
FNH:6
FNDA:17,isAdult
FNDA:9,calculateAge
FNDA:17,isValidPostalCode
FNDA:23,isValidName
FNDA:22,sanitizeInput
FNDA:21,isValidEmail
DA:30,17
DA:31,3
DA:34,14
DA:35,3
DA:38,11
DA:39,1
DA:42,10
DA:44,10
DA:45,1
DA:49,9
DA:52,9
DA:53,4
DA:55,5
DA:69,9
DA:70,9
DA:71,9
DA:74,9
DA:75,5
DA:78,9
DA:101,17
DA:102,3
DA:105,14
DA:106,3
DA:110,11
DA:112,11
DA:113,5
DA:115,6
DA:140,23
DA:141,3
DA:144,20
DA:145,3
DA:149,17
DA:150,2
DA:154,15
DA:165,15
DA:166,92
DA:167,4
DA:173,11
DA:175,11
DA:176,7
DA:178,4
DA:203,22
DA:204,3
DA:207,19
DA:208,3
DA:212,16
DA:213,1
DA:216,15
DA:217,15
DA:220,15
DA:223,15
DA:226,15
DA:229,15
DA:230,15
DA:233,15
DA:236,15
DA:240,15
DA:241,0
DA:244,15
DA:246,15
DA:269,21
DA:270,3
DA:273,18
DA:274,3
DA:282,15
DA:284,15
DA:285,7
DA:287,8
LF:68
LH:67
BRDA:30,0,0,3
BRDA:30,0,1,14
BRDA:30,1,0,17
BRDA:30,1,1,15
BRDA:34,2,0,3
BRDA:34,2,1,11
BRDA:38,3,0,1
BRDA:38,3,1,10
BRDA:44,4,0,1
BRDA:44,4,1,9
BRDA:52,5,0,4
BRDA:52,5,1,5
BRDA:74,6,0,5
BRDA:74,6,1,4
BRDA:74,7,0,9
BRDA:74,7,1,7
BRDA:74,7,2,6
BRDA:101,8,0,3
BRDA:101,8,1,14
BRDA:101,9,0,17
BRDA:101,9,1,15
BRDA:105,10,0,3
BRDA:105,10,1,11
BRDA:112,11,0,5
BRDA:112,11,1,6
BRDA:140,12,0,3
BRDA:140,12,1,20
BRDA:140,13,0,23
BRDA:140,13,1,21
BRDA:144,14,0,3
BRDA:144,14,1,17
BRDA:149,15,0,2
BRDA:149,15,1,15
BRDA:166,16,0,4
BRDA:166,16,1,88
BRDA:175,17,0,7
BRDA:175,17,1,4
BRDA:203,18,0,3
BRDA:203,18,1,19
BRDA:203,19,0,22
BRDA:203,19,1,20
BRDA:207,20,0,3
BRDA:207,20,1,16
BRDA:212,21,0,1
BRDA:212,21,1,15
BRDA:240,22,0,0
BRDA:240,22,1,15
BRDA:240,23,0,15
BRDA:240,23,1,0
BRDA:269,24,0,3
BRDA:269,24,1,18
BRDA:269,25,0,21
BRDA:269,25,1,19
BRDA:273,26,0,3
BRDA:273,26,1,15
BRDA:284,27,0,7
BRDA:284,27,1,8
BRF:57
BRH:55
end_of_record
